<?xml version="1.0" encoding="utf-8"?><testsuites><testsuite name="pytest" errors="0" failures="0" skipped="0" tests="2" time="24.425" timestamp="2022-09-29T18:17:17.956127" hostname="PC-20211011CRIO"><testcase classname="test_dir.test_baidu.TestSearch" name="test_baidu_search_case" time="16.091" /><testcase classname="test_dir.test_baidu.TestSearchSettings" name="test_baidu_search_setting" time="8.107" /></testsuite></testsuites>