<?xml version="1.0" encoding="utf-8"?><testsuites><testsuite name="pytest" errors="0" failures="0" skipped="0" tests="2" time="48.782" timestamp="2022-09-29T17:58:34.527172" hostname="PC-20211011CRIO"><testcase classname="test_dir.test_baidu.TestSearch" name="test_baidu_search_case" time="20.694" /><testcase classname="test_dir.test_baidu.TestSearchSettings" name="test_baidu_search_setting" time="24.863" /></testsuite></testsuites>